<?xml version="1.0" encoding="UTF-8"?>
<!-- Generated by org.testng.reporters.JUnitReportReporter -->
<testsuite hostname="chandu" failures="0" tests="11" name="cucumberOptions.TestNGTestRunner" time="28.934" errors="0" timestamp="2025-03-15T16:33:24 IST" skipped="0">
  <testcase classname="cucumberOptions.TestNGTestRunner" name="runScenario" time="1.514"/>
  <testcase classname="cucumberOptions.TestNGTestRunner" name="runScenario" time="1.381"/>
  <testcase classname="cucumberOptions.TestNGTestRunner" name="runScenario" time="2.796"/>
  <testcase classname="cucumberOptions.TestNGTestRunner" name="runScenario" time="1.365"/>
  <testcase classname="cucumberOptions.TestNGTestRunner" name="runScenario" time="3.273"/>
  <testcase classname="cucumberOptions.TestNGTestRunner" name="runScenario" time="5.522"/>
  <testcase classname="cucumberOptions.TestNGTestRunner" name="runScenario" time="1.349"/>
  <testcase classname="cucumberOptions.TestNGTestRunner" name="runScenario" time="2.200"/>
  <testcase classname="cucumberOptions.TestNGTestRunner" name="runScenario" time="4.697"/>
  <testcase classname="cucumberOptions.TestNGTestRunner" name="runScenario" time="1.371"/>
  <testcase classname="cucumberOptions.TestNGTestRunner" name="runScenario" time="3.466"/>
</testsuite> <!-- cucumberOptions.TestNGTestRunner -->
